<?xml version="1.0" encoding="UTF-8"?>
<coverage generated="1740109984560" clover="3.2.0">
  <project timestamp="1740109984560" name="All files">
    <metrics statements="31" coveredstatements="25" conditionals="13" coveredconditionals="10" methods="11" coveredmethods="9" elements="55" coveredelements="44" complexity="0" loc="31" ncloc="31" packages="3" files="4" classes="4"/>
    <package name="app">
      <metrics statements="3" coveredstatements="3" conditionals="0" coveredconditionals="0" methods="2" coveredmethods="2"/>
      <file name="_layout.tsx" path="/Users/aasim/src/coding-temple/thunder-buddy/thunder-buddy-frontend/app/_layout.tsx">
        <metrics statements="1" coveredstatements="1" conditionals="0" coveredconditionals="0" methods="1" coveredmethods="1"/>
        <line num="5" count="1" type="stmt"/>
      </file>
      <file name="index.tsx" path="/Users/aasim/src/coding-temple/thunder-buddy/thunder-buddy-frontend/app/index.tsx">
        <metrics statements="2" coveredstatements="2" conditionals="0" coveredconditionals="0" methods="1" coveredmethods="1"/>
        <line num="5" count="2" type="stmt"/>
        <line num="12" count="1" type="stmt"/>
      </file>
    </package>
    <package name="app.components">
      <metrics statements="24" coveredstatements="18" conditionals="12" coveredconditionals="9" methods="7" coveredmethods="5"/>
      <file name="Home.jsx" path="/Users/aasim/src/coding-temple/thunder-buddy/thunder-buddy-frontend/app/components/Home.jsx">
        <metrics statements="24" coveredstatements="18" conditionals="12" coveredconditionals="9" methods="7" coveredmethods="5"/>
        <line num="7" count="1" type="stmt"/>
        <line num="11" count="1" type="stmt"/>
        <line num="38" count="3" type="stmt"/>
        <line num="39" count="3" type="stmt"/>
        <line num="41" count="3" type="stmt"/>
        <line num="42" count="1" type="stmt"/>
        <line num="45" count="3" type="stmt"/>
        <line num="46" count="0" type="stmt"/>
        <line num="47" count="0" type="stmt"/>
        <line num="50" count="3" type="stmt"/>
        <line num="51" count="0" type="stmt"/>
        <line num="54" count="3" type="stmt"/>
        <line num="55" count="2" type="cond" truecount="1" falsecount="1"/>
        <line num="56" count="2" type="stmt"/>
        <line num="65" count="0" type="stmt"/>
        <line num="77" count="3" type="stmt"/>
        <line num="78" count="1" type="cond" truecount="1" falsecount="1"/>
        <line num="79" count="1" type="stmt"/>
        <line num="88" count="0" type="stmt"/>
        <line num="100" count="3" type="stmt"/>
        <line num="101" count="1" type="cond" truecount="1" falsecount="1"/>
        <line num="102" count="1" type="stmt"/>
        <line num="111" count="0" type="stmt"/>
        <line num="123" count="3" type="stmt"/>
      </file>
    </package>
    <package name="app.context">
      <metrics statements="4" coveredstatements="4" conditionals="1" coveredconditionals="1" methods="2" coveredmethods="2"/>
      <file name="UserContext.jsx" path="/Users/aasim/src/coding-temple/thunder-buddy/thunder-buddy-frontend/app/context/UserContext.jsx">
        <metrics statements="4" coveredstatements="4" conditionals="1" coveredconditionals="1" methods="2" coveredmethods="2"/>
        <line num="3" count="1" type="stmt"/>
        <line num="6" count="3" type="stmt"/>
        <line num="8" count="3" type="stmt"/>
        <line num="16" count="3" type="stmt"/>
      </file>
    </package>
  </project>
</coverage>
