{"/Users/aasim/src/coding-temple/thunder-buddy-frontend/app/_layout.tsx": {"path":"/Users/aasim/src/coding-temple/thunder-buddy-frontend/app/_layout.tsx","statementMap":{"0":{"start":{"line":5,"column":2},"end":{"line":5,"column":19}}},"fnMap":{"0":{"name":"RootLayout","decl":{"start":{"line":4,"column":24},"end":{"line":4,"column":34}},"loc":{"start":{"line":4,"column":37},"end":{"line":6,"column":1}},"line":4}},"branchMap":{},"s":{"0":1},"f":{"0":1},"b":{},"_coverageSchema":"1a1c01bbd47fc00a2c39e90264f33305004495a9","hash":"956a5b0aa1837e2420542194bb2ab359231f3894"}
,"/Users/aasim/src/coding-temple/thunder-buddy-frontend/app/index.tsx": {"path":"/Users/aasim/src/coding-temple/thunder-buddy-frontend/app/index.tsx","statementMap":{"0":{"start":{"line":5,"column":2},"end":{"line":12,"column":4}},"1":{"start":{"line":15,"column":15},"end":{"line":21,"column":2}}},"fnMap":{"0":{"name":"Index","decl":{"start":{"line":4,"column":24},"end":{"line":4,"column":29}},"loc":{"start":{"line":4,"column":32},"end":{"line":13,"column":1}},"line":4}},"branchMap":{},"s":{"0":2,"1":1},"f":{"0":2},"b":{},"_coverageSchema":"1a1c01bbd47fc00a2c39e90264f33305004495a9","hash":"c329b911a64e9838b8dfe44a05272f557ecf1b21"}
}
