{"/Users/aasim/src/coding-temple/thunder-buddy/thunder-buddy-frontend/app/_layout.tsx": {"path":"/Users/aasim/src/coding-temple/thunder-buddy/thunder-buddy-frontend/app/_layout.tsx","statementMap":{"0":{"start":{"line":5,"column":2},"end":{"line":5,"column":19}}},"fnMap":{"0":{"name":"RootLayout","decl":{"start":{"line":4,"column":24},"end":{"line":4,"column":34}},"loc":{"start":{"line":4,"column":37},"end":{"line":6,"column":1}},"line":4}},"branchMap":{},"s":{"0":1},"f":{"0":1},"b":{},"_coverageSchema":"1a1c01bbd47fc00a2c39e90264f33305004495a9","hash":"19c8d99cf32863a4baf21d00a922145ac30f3437"}
,"/Users/aasim/src/coding-temple/thunder-buddy/thunder-buddy-frontend/app/index.tsx": {"path":"/Users/aasim/src/coding-temple/thunder-buddy/thunder-buddy-frontend/app/index.tsx","statementMap":{"0":{"start":{"line":5,"column":2},"end":{"line":9,"column":4}},"1":{"start":{"line":12,"column":15},"end":{"line":18,"column":2}}},"fnMap":{"0":{"name":"Index","decl":{"start":{"line":4,"column":24},"end":{"line":4,"column":29}},"loc":{"start":{"line":4,"column":32},"end":{"line":10,"column":1}},"line":4}},"branchMap":{},"s":{"0":2,"1":1},"f":{"0":2},"b":{},"_coverageSchema":"1a1c01bbd47fc00a2c39e90264f33305004495a9","hash":"a7833aae65a20d3ed030b9bbe17b53568d848cfc"}
,"/Users/aasim/src/coding-temple/thunder-buddy/thunder-buddy-frontend/app/components/Home.jsx": {"path":"/Users/aasim/src/coding-temple/thunder-buddy/thunder-buddy-frontend/app/components/Home.jsx","statementMap":{"0":{"start":{"line":7,"column":15},"end":{"line":9,"column":1}},"1":{"start":{"line":11,"column":15},"end":{"line":35,"column":2}},"2":{"start":{"line":38,"column":36},"end":{"line":38,"column":45}},"3":{"start":{"line":39,"column":21},"end":{"line":39,"column":36}},"4":{"start":{"line":41,"column":22},"end":{"line":43,"column":3}},"5":{"start":{"line":42,"column":4},"end":{"line":42,"column":33}},"6":{"start":{"line":45,"column":23},"end":{"line":48,"column":3}},"7":{"start":{"line":46,"column":4},"end":{"line":46,"column":22}},"8":{"start":{"line":47,"column":4},"end":{"line":47,"column":32}},"9":{"start":{"line":50,"column":26},"end":{"line":52,"column":3}},"10":{"start":{"line":51,"column":4},"end":{"line":51,"column":35}},"11":{"start":{"line":54,"column":16},"end":{"line":75,"column":3}},"12":{"start":{"line":55,"column":4},"end":{"line":64,"column":5}},"13":{"start":{"line":56,"column":6},"end":{"line":63,"column":8}},"14":{"start":{"line":65,"column":4},"end":{"line":74,"column":6}},"15":{"start":{"line":77,"column":17},"end":{"line":98,"column":3}},"16":{"start":{"line":78,"column":4},"end":{"line":87,"column":5}},"17":{"start":{"line":79,"column":6},"end":{"line":86,"column":8}},"18":{"start":{"line":88,"column":4},"end":{"line":97,"column":6}},"19":{"start":{"line":100,"column":18},"end":{"line":121,"column":3}},"20":{"start":{"line":101,"column":4},"end":{"line":110,"column":5}},"21":{"start":{"line":102,"column":6},"end":{"line":109,"column":8}},"22":{"start":{"line":111,"column":4},"end":{"line":120,"column":6}},"23":{"start":{"line":123,"column":2},"end":{"line":132,"column":4}}},"fnMap":{"0":{"name":"Home","decl":{"start":{"line":37,"column":24},"end":{"line":37,"column":28}},"loc":{"start":{"line":37,"column":31},"end":{"line":133,"column":1}},"line":37},"1":{"name":"(anonymous_1)","decl":{"start":{"line":41,"column":22},"end":{"line":41,"column":23}},"loc":{"start":{"line":41,"column":28},"end":{"line":43,"column":3}},"line":41},"2":{"name":"(anonymous_2)","decl":{"start":{"line":45,"column":23},"end":{"line":45,"column":24}},"loc":{"start":{"line":45,"column":29},"end":{"line":48,"column":3}},"line":45},"3":{"name":"(anonymous_3)","decl":{"start":{"line":50,"column":26},"end":{"line":50,"column":27}},"loc":{"start":{"line":50,"column":32},"end":{"line":52,"column":3}},"line":50},"4":{"name":"(anonymous_4)","decl":{"start":{"line":54,"column":16},"end":{"line":54,"column":17}},"loc":{"start":{"line":54,"column":22},"end":{"line":75,"column":3}},"line":54},"5":{"name":"(anonymous_5)","decl":{"start":{"line":77,"column":17},"end":{"line":77,"column":18}},"loc":{"start":{"line":77,"column":23},"end":{"line":98,"column":3}},"line":77},"6":{"name":"(anonymous_6)","decl":{"start":{"line":100,"column":18},"end":{"line":100,"column":19}},"loc":{"start":{"line":100,"column":24},"end":{"line":121,"column":3}},"line":100}},"branchMap":{"0":{"loc":{"start":{"line":55,"column":4},"end":{"line":64,"column":5}},"type":"if","locations":[{"start":{"line":55,"column":4},"end":{"line":64,"column":5}},{"start":{},"end":{}}],"line":55},"1":{"loc":{"start":{"line":78,"column":4},"end":{"line":87,"column":5}},"type":"if","locations":[{"start":{"line":78,"column":4},"end":{"line":87,"column":5}},{"start":{},"end":{}}],"line":78},"2":{"loc":{"start":{"line":101,"column":4},"end":{"line":110,"column":5}},"type":"if","locations":[{"start":{"line":101,"column":4},"end":{"line":110,"column":5}},{"start":{},"end":{}}],"line":101},"3":{"loc":{"start":{"line":126,"column":9},"end":{"line":126,"column":62}},"type":"cond-expr","locations":[{"start":{"line":126,"column":20},"end":{"line":126,"column":43}},{"start":{"line":126,"column":46},"end":{"line":126,"column":62}}],"line":126},"4":{"loc":{"start":{"line":128,"column":9},"end":{"line":128,"column":42}},"type":"cond-expr","locations":[{"start":{"line":128,"column":20},"end":{"line":128,"column":30}},{"start":{"line":128,"column":33},"end":{"line":128,"column":42}}],"line":128},"5":{"loc":{"start":{"line":129,"column":9},"end":{"line":129,"column":36}},"type":"cond-expr","locations":[{"start":{"line":129,"column":20},"end":{"line":129,"column":31}},{"start":{"line":129,"column":34},"end":{"line":129,"column":36}}],"line":129}},"s":{"0":1,"1":1,"2":3,"3":3,"4":3,"5":1,"6":3,"7":0,"8":0,"9":3,"10":0,"11":3,"12":2,"13":2,"14":0,"15":3,"16":1,"17":1,"18":0,"19":3,"20":1,"21":1,"22":0,"23":3},"f":{"0":3,"1":1,"2":0,"3":0,"4":2,"5":1,"6":1},"b":{"0":[2,0],"1":[1,0],"2":[1,0],"3":[1,2],"4":[1,2],"5":[1,2]},"_coverageSchema":"1a1c01bbd47fc00a2c39e90264f33305004495a9","hash":"fcbd69dc37633b29f19fc53df82552718daaa935"}
,"/Users/aasim/src/coding-temple/thunder-buddy/thunder-buddy-frontend/app/context/UserContext.jsx": {"path":"/Users/aasim/src/coding-temple/thunder-buddy/thunder-buddy-frontend/app/context/UserContext.jsx","statementMap":{"0":{"start":{"line":3,"column":20},"end":{"line":3,"column":35}},"1":{"start":{"line":6,"column":34},"end":{"line":6,"column":59}},"2":{"start":{"line":8,"column":2},"end":{"line":12,"column":4}},"3":{"start":{"line":16,"column":2},"end":{"line":16,"column":33}}},"fnMap":{"0":{"name":"UserProvider","decl":{"start":{"line":5,"column":16},"end":{"line":5,"column":28}},"loc":{"start":{"line":5,"column":67},"end":{"line":13,"column":1}},"line":5},"1":{"name":"useUser","decl":{"start":{"line":15,"column":16},"end":{"line":15,"column":23}},"loc":{"start":{"line":15,"column":26},"end":{"line":17,"column":1}},"line":15}},"branchMap":{"0":{"loc":{"start":{"line":5,"column":41},"end":{"line":5,"column":63}},"type":"default-arg","locations":[{"start":{"line":5,"column":59},"end":{"line":5,"column":63}}],"line":5}},"s":{"0":1,"1":3,"2":3,"3":3},"f":{"0":3,"1":3},"b":{"0":[2]},"_coverageSchema":"1a1c01bbd47fc00a2c39e90264f33305004495a9","hash":"27d03730f026b312ff7074b9566dcde66639ec55"}
}
