TN:
SF:app/_layout.tsx
FN:4,RootLayout
FNF:1
FNH:1
FNDA:1,RootLayout
DA:5,1
LF:1
LH:1
BRF:0
BRH:0
end_of_record
TN:
SF:app/index.tsx
FN:4,Index
FNF:1
FNH:1
FNDA:2,Index
DA:5,2
DA:12,1
LF:2
LH:2
BRF:0
BRH:0
end_of_record
TN:
SF:app/components/Home.jsx
FN:37,Home
FN:41,(anonymous_1)
FN:45,(anonymous_2)
FN:50,(anonymous_3)
FN:54,(anonymous_4)
FN:77,(anonymous_5)
FN:100,(anonymous_6)
FNF:7
FNH:5
FNDA:3,Home
FNDA:1,(anonymous_1)
FNDA:0,(anonymous_2)
FNDA:0,(anonymous_3)
FNDA:2,(anonymous_4)
FNDA:1,(anonymous_5)
FNDA:1,(anonymous_6)
DA:7,1
DA:11,1
DA:38,3
DA:39,3
DA:41,3
DA:42,1
DA:45,3
DA:46,0
DA:47,0
DA:50,3
DA:51,0
DA:54,3
DA:55,2
DA:56,2
DA:65,0
DA:77,3
DA:78,1
DA:79,1
DA:88,0
DA:100,3
DA:101,1
DA:102,1
DA:111,0
DA:123,3
LF:24
LH:18
BRDA:55,0,0,2
BRDA:55,0,1,0
BRDA:78,1,0,1
BRDA:78,1,1,0
BRDA:101,2,0,1
BRDA:101,2,1,0
BRDA:126,3,0,1
BRDA:126,3,1,2
BRDA:128,4,0,1
BRDA:128,4,1,2
BRDA:129,5,0,1
BRDA:129,5,1,2
BRF:12
BRH:9
end_of_record
TN:
SF:app/context/UserContext.jsx
FN:5,UserProvider
FN:15,useUser
FNF:2
FNH:2
FNDA:3,UserProvider
FNDA:3,useUser
DA:3,1
DA:6,3
DA:8,3
DA:16,3
LF:4
LH:4
BRDA:5,0,0,2
BRF:1
BRH:1
end_of_record
